0 info it worked if it ends with ok
1 verbose cli [ '/home/m/.nvm/versions/node/v6.11.4/bin/node',
1 verbose cli   '/home/m/.nvm/versions/node/v6.11.4/bin/npm',
1 verbose cli   'install',
1 verbose cli   'node',
1 verbose cli   '8' ]
2 info using npm@3.10.10
3 info using node@v6.11.4
4 silly loadCurrentTree Starting
5 silly install loadCurrentTree
6 silly install readLocalPackageData
7 silly fetchPackageMetaData node
8 silly fetchPackageMetaData 8
9 silly fetchNamedPackageData node
10 silly mapToRegistry name node
11 silly mapToRegistry using default registry
12 silly mapToRegistry registry https://registry.npmjs.org/
13 silly mapToRegistry data Result {
13 silly mapToRegistry   raw: 'node',
13 silly mapToRegistry   scope: null,
13 silly mapToRegistry   escapedName: 'node',
13 silly mapToRegistry   name: 'node',
13 silly mapToRegistry   rawSpec: '',
13 silly mapToRegistry   spec: 'latest',
13 silly mapToRegistry   type: 'tag' }
14 silly mapToRegistry uri https://registry.npmjs.org/node
15 silly fetchNamedPackageData 8
16 silly mapToRegistry name 8
17 silly mapToRegistry using default registry
18 silly mapToRegistry registry https://registry.npmjs.org/
19 silly mapToRegistry data Result {
19 silly mapToRegistry   raw: '8',
19 silly mapToRegistry   scope: null,
19 silly mapToRegistry   escapedName: '8',
19 silly mapToRegistry   name: '8',
19 silly mapToRegistry   rawSpec: '',
19 silly mapToRegistry   spec: 'latest',
19 silly mapToRegistry   type: 'tag' }
20 silly mapToRegistry uri https://registry.npmjs.org/8
21 verbose request uri https://registry.npmjs.org/node
22 verbose request no auth needed
23 info attempt registry request try #1 at 5:22:04 PM
24 verbose request id cde3b710cf3ce7b9
25 http request GET https://registry.npmjs.org/node
26 verbose request uri https://registry.npmjs.org/8
27 verbose request no auth needed
28 info attempt registry request try #1 at 5:22:04 PM
29 http request GET https://registry.npmjs.org/8
30 http 200 https://registry.npmjs.org/8
31 verbose headers { 'content-type': 'application/json; charset=UTF-8',
31 verbose headers   server: 'UploadServer',
31 verbose headers   'cache-control': 'max-age=300',
31 verbose headers   'last-modified': 'Mon, 12 May 2014 9:04:58 GMT',
31 verbose headers   etag: '"53708eba-419"',
31 verbose headers   'x-npm-region': 'US-East',
31 verbose headers   'content-encoding': 'gzip',
31 verbose headers   'content-length': '500',
31 verbose headers   'accept-ranges': 'bytes',
31 verbose headers   date: 'Fri, 30 Mar 2018 22:22:05 GMT',
31 verbose headers   via: '1.1 varnish',
31 verbose headers   age: '0',
31 verbose headers   connection: 'keep-alive',
31 verbose headers   'x-served-by': 'cache-pdk17839-PDK',
31 verbose headers   'x-cache': 'MISS',
31 verbose headers   'x-cache-hits': '0',
31 verbose headers   'x-timer': 'S1522448525.211992,VS0,VE108',
31 verbose headers   vary: 'Accept-Encoding, Accept' }
32 silly get cb [ 200,
32 silly get   { 'content-type': 'application/json; charset=UTF-8',
32 silly get     server: 'UploadServer',
32 silly get     'cache-control': 'max-age=300',
32 silly get     'last-modified': 'Mon, 12 May 2014 9:04:58 GMT',
32 silly get     etag: '"53708eba-419"',
32 silly get     'x-npm-region': 'US-East',
32 silly get     'content-encoding': 'gzip',
32 silly get     'content-length': '500',
32 silly get     'accept-ranges': 'bytes',
32 silly get     date: 'Fri, 30 Mar 2018 22:22:05 GMT',
32 silly get     via: '1.1 varnish',
32 silly get     age: '0',
32 silly get     connection: 'keep-alive',
32 silly get     'x-served-by': 'cache-pdk17839-PDK',
32 silly get     'x-cache': 'MISS',
32 silly get     'x-cache-hits': '0',
32 silly get     'x-timer': 'S1522448525.211992,VS0,VE108',
32 silly get     vary: 'Accept-Encoding, Accept' } ]
33 verbose get saving 8 to /home/m/.npm/registry.npmjs.org/8/.cache.json
34 verbose correctMkdir /home/m/.npm correctMkdir not in flight; initializing
35 http 200 https://registry.npmjs.org/node
36 verbose headers { 'content-type': 'application/json; charset=UTF-8',
36 verbose headers   server: 'UploadServer',
36 verbose headers   'cache-control': 'max-age=300',
36 verbose headers   'last-modified': 'Fri, 30 Mar 2018 18:04:14 GMT',
36 verbose headers   etag: '"5abe7c1e-59493"',
36 verbose headers   'x-npm-region': 'US-East',
36 verbose headers   'content-encoding': 'gzip',
36 verbose headers   'content-length': '58099',
36 verbose headers   'accept-ranges': 'bytes',
36 verbose headers   date: 'Fri, 30 Mar 2018 22:22:05 GMT',
36 verbose headers   via: '1.1 varnish',
36 verbose headers   age: '0',
36 verbose headers   connection: 'keep-alive',
36 verbose headers   'x-served-by': 'cache-atl6237-ATL',
36 verbose headers   'x-cache': 'MISS',
36 verbose headers   'x-cache-hits': '0',
36 verbose headers   'x-timer': 'S1522448525.198699,VS0,VE143',
36 verbose headers   vary: 'Accept-Encoding, Accept' }
37 silly get cb [ 200,
37 silly get   { 'content-type': 'application/json; charset=UTF-8',
37 silly get     server: 'UploadServer',
37 silly get     'cache-control': 'max-age=300',
37 silly get     'last-modified': 'Fri, 30 Mar 2018 18:04:14 GMT',
37 silly get     etag: '"5abe7c1e-59493"',
37 silly get     'x-npm-region': 'US-East',
37 silly get     'content-encoding': 'gzip',
37 silly get     'content-length': '58099',
37 silly get     'accept-ranges': 'bytes',
37 silly get     date: 'Fri, 30 Mar 2018 22:22:05 GMT',
37 silly get     via: '1.1 varnish',
37 silly get     age: '0',
37 silly get     connection: 'keep-alive',
37 silly get     'x-served-by': 'cache-atl6237-ATL',
37 silly get     'x-cache': 'MISS',
37 silly get     'x-cache-hits': '0',
37 silly get     'x-timer': 'S1522448525.198699,VS0,VE143',
37 silly get     vary: 'Accept-Encoding, Accept' } ]
38 verbose get saving node to /home/m/.npm/registry.npmjs.org/node/.cache.json
39 verbose correctMkdir /home/m/.npm correctMkdir not in flight; initializing
40 silly install normalizeTree
41 silly loadCurrentTree Finishing
42 silly loadIdealTree Starting
43 silly install loadIdealTree
44 silly cloneCurrentTree Starting
45 silly install cloneCurrentTreeToIdealTree
46 silly cloneCurrentTree Finishing
47 silly loadShrinkwrap Starting
48 silly install loadShrinkwrap
49 silly loadShrinkwrap Finishing
50 silly loadAllDepsIntoIdealTree Starting
51 silly install loadAllDepsIntoIdealTree
52 silly resolveWithNewModule 8@0.0.1 checking installable status
53 silly cache add args [ '8', null ]
54 verbose cache add spec 8
55 silly resolveWithNewModule node@9.10.0 checking installable status
56 silly cache add args [ 'node', null ]
57 verbose cache add spec node
58 silly cache add parsed spec Result {
58 silly cache add   raw: '8',
58 silly cache add   scope: null,
58 silly cache add   escapedName: '8',
58 silly cache add   name: '8',
58 silly cache add   rawSpec: '',
58 silly cache add   spec: 'latest',
58 silly cache add   type: 'tag' }
59 silly addNamed 8@latest
60 verbose addNamed "latest" is being treated as a dist-tag for 8
61 info addNameTag [ '8', 'latest' ]
62 silly mapToRegistry name 8
63 silly mapToRegistry using default registry
64 silly mapToRegistry registry https://registry.npmjs.org/
65 silly mapToRegistry data Result {
65 silly mapToRegistry   raw: '8',
65 silly mapToRegistry   scope: null,
65 silly mapToRegistry   escapedName: '8',
65 silly mapToRegistry   name: '8',
65 silly mapToRegistry   rawSpec: '',
65 silly mapToRegistry   spec: 'latest',
65 silly mapToRegistry   type: 'tag' }
66 silly mapToRegistry uri https://registry.npmjs.org/8
67 verbose addNameTag registry:https://registry.npmjs.org/8 not in flight; fetching
68 silly cache add parsed spec Result {
68 silly cache add   raw: 'node',
68 silly cache add   scope: null,
68 silly cache add   escapedName: 'node',
68 silly cache add   name: 'node',
68 silly cache add   rawSpec: '',
68 silly cache add   spec: 'latest',
68 silly cache add   type: 'tag' }
69 silly addNamed node@latest
70 verbose addNamed "latest" is being treated as a dist-tag for node
71 info addNameTag [ 'node', 'latest' ]
72 silly mapToRegistry name node
73 silly mapToRegistry using default registry
74 silly mapToRegistry registry https://registry.npmjs.org/
75 silly mapToRegistry data Result {
75 silly mapToRegistry   raw: 'node',
75 silly mapToRegistry   scope: null,
75 silly mapToRegistry   escapedName: 'node',
75 silly mapToRegistry   name: 'node',
75 silly mapToRegistry   rawSpec: '',
75 silly mapToRegistry   spec: 'latest',
75 silly mapToRegistry   type: 'tag' }
76 silly mapToRegistry uri https://registry.npmjs.org/node
77 verbose addNameTag registry:https://registry.npmjs.org/node not in flight; fetching
78 verbose get https://registry.npmjs.org/8 not expired, no request
79 silly addNameTag next cb for 8 with tag latest
80 silly addNamed 8@0.0.1
81 verbose addNamed "0.0.1" is a plain semver version for 8
82 verbose get https://registry.npmjs.org/node not expired, no request
83 silly addNameTag next cb for node with tag latest
84 silly addNamed node@9.10.0
85 verbose addNamed "9.10.0" is a plain semver version for node
86 silly mapToRegistry name 8
87 silly mapToRegistry using default registry
88 silly mapToRegistry registry https://registry.npmjs.org/
89 silly mapToRegistry data Result {
89 silly mapToRegistry   raw: '8',
89 silly mapToRegistry   scope: null,
89 silly mapToRegistry   escapedName: '8',
89 silly mapToRegistry   name: '8',
89 silly mapToRegistry   rawSpec: '',
89 silly mapToRegistry   spec: 'latest',
89 silly mapToRegistry   type: 'tag' }
90 silly mapToRegistry uri https://registry.npmjs.org/8
91 verbose addRemoteTarball https://registry.npmjs.org/8/-/8-0.0.1.tgz not in flight; adding
92 verbose addRemoteTarball [ 'https://registry.npmjs.org/8/-/8-0.0.1.tgz',
92 verbose addRemoteTarball   '27d049aaac32267b9c7377b9472bf2df15b53e28' ]
93 silly mapToRegistry name node
94 silly mapToRegistry using default registry
95 silly mapToRegistry registry https://registry.npmjs.org/
96 silly mapToRegistry data Result {
96 silly mapToRegistry   raw: 'node',
96 silly mapToRegistry   scope: null,
96 silly mapToRegistry   escapedName: 'node',
96 silly mapToRegistry   name: 'node',
96 silly mapToRegistry   rawSpec: '',
96 silly mapToRegistry   spec: 'latest',
96 silly mapToRegistry   type: 'tag' }
97 silly mapToRegistry uri https://registry.npmjs.org/node
98 verbose addRemoteTarball https://registry.npmjs.org/node/-/node-9.10.0.tgz not in flight; adding
99 verbose addRemoteTarball [ 'https://registry.npmjs.org/node/-/node-9.10.0.tgz',
99 verbose addRemoteTarball   '708d9f02666f9a663d818835c731db85833c0e9e' ]
100 info retry fetch attempt 1 at 5:22:06 PM
101 info attempt registry request try #1 at 5:22:06 PM
102 http fetch GET https://registry.npmjs.org/8/-/8-0.0.1.tgz
103 info retry fetch attempt 1 at 5:22:06 PM
104 info attempt registry request try #1 at 5:22:06 PM
105 http fetch GET https://registry.npmjs.org/node/-/node-9.10.0.tgz
106 http fetch 200 https://registry.npmjs.org/node/-/node-9.10.0.tgz
107 silly fetchAndShaCheck shasum 708d9f02666f9a663d818835c731db85833c0e9e
108 verbose addTmpTarball /tmp/npm-1401-df4836c5/registry.npmjs.org/node/-/node-9.10.0.tgz not in flight; adding
109 verbose addTmpTarball already have metadata; skipping unpack for node@9.10.0
110 verbose correctMkdir /home/m/.npm correctMkdir not in flight; initializing
111 silly cache afterAdd node@9.10.0
112 verbose afterAdd /home/m/.npm/node/9.10.0/package/package.json not in flight; writing
113 verbose correctMkdir /home/m/.npm correctMkdir not in flight; initializing
114 verbose afterAdd /home/m/.npm/node/9.10.0/package/package.json written
115 http fetch 200 https://registry.npmjs.org/8/-/8-0.0.1.tgz
116 silly fetchAndShaCheck shasum 27d049aaac32267b9c7377b9472bf2df15b53e28
117 verbose addTmpTarball /tmp/npm-1401-df4836c5/registry.npmjs.org/8/-/8-0.0.1.tgz not in flight; adding
118 verbose addTmpTarball already have metadata; skipping unpack for 8@0.0.1
119 verbose correctMkdir /home/m/.npm correctMkdir not in flight; initializing
120 silly cache afterAdd 8@0.0.1
121 verbose afterAdd /home/m/.npm/8/0.0.1/package/package.json not in flight; writing
122 verbose correctMkdir /home/m/.npm correctMkdir not in flight; initializing
123 verbose afterAdd /home/m/.npm/8/0.0.1/package/package.json written
124 silly fetchNamedPackageData node-bin-setup
125 silly mapToRegistry name node-bin-setup
126 silly mapToRegistry using default registry
127 silly mapToRegistry registry https://registry.npmjs.org/
128 silly mapToRegistry data Result {
128 silly mapToRegistry   raw: 'node-bin-setup',
128 silly mapToRegistry   scope: null,
128 silly mapToRegistry   escapedName: 'node-bin-setup',
128 silly mapToRegistry   name: 'node-bin-setup',
128 silly mapToRegistry   rawSpec: '',
128 silly mapToRegistry   spec: 'latest',
128 silly mapToRegistry   type: 'tag' }
129 silly mapToRegistry uri https://registry.npmjs.org/node-bin-setup
130 verbose request uri https://registry.npmjs.org/node-bin-setup
131 verbose request no auth needed
132 info attempt registry request try #1 at 5:22:06 PM
133 http request GET https://registry.npmjs.org/node-bin-setup
134 http 200 https://registry.npmjs.org/node-bin-setup
135 verbose headers { 'content-type': 'application/json; charset=UTF-8',
135 verbose headers   server: 'UploadServer',
135 verbose headers   'cache-control': 'max-age=300',
135 verbose headers   'last-modified': 'Tue, 25 Jul 2017 3:32:58 GMT',
135 verbose headers   etag: '"5976bbea-1511"',
135 verbose headers   'x-npm-region': 'US-East',
135 verbose headers   'content-encoding': 'gzip',
135 verbose headers   'content-length': '1464',
135 verbose headers   'accept-ranges': 'bytes',
135 verbose headers   date: 'Fri, 30 Mar 2018 22:22:06 GMT',
135 verbose headers   via: '1.1 varnish',
135 verbose headers   age: '0',
135 verbose headers   connection: 'keep-alive',
135 verbose headers   'x-served-by': 'cache-atl6237-ATL',
135 verbose headers   'x-cache': 'MISS',
135 verbose headers   'x-cache-hits': '0',
135 verbose headers   'x-timer': 'S1522448526.354385,VS0,VE101',
135 verbose headers   vary: 'Accept-Encoding, Accept' }
136 silly get cb [ 200,
136 silly get   { 'content-type': 'application/json; charset=UTF-8',
136 silly get     server: 'UploadServer',
136 silly get     'cache-control': 'max-age=300',
136 silly get     'last-modified': 'Tue, 25 Jul 2017 3:32:58 GMT',
136 silly get     etag: '"5976bbea-1511"',
136 silly get     'x-npm-region': 'US-East',
136 silly get     'content-encoding': 'gzip',
136 silly get     'content-length': '1464',
136 silly get     'accept-ranges': 'bytes',
136 silly get     date: 'Fri, 30 Mar 2018 22:22:06 GMT',
136 silly get     via: '1.1 varnish',
136 silly get     age: '0',
136 silly get     connection: 'keep-alive',
136 silly get     'x-served-by': 'cache-atl6237-ATL',
136 silly get     'x-cache': 'MISS',
136 silly get     'x-cache-hits': '0',
136 silly get     'x-timer': 'S1522448526.354385,VS0,VE101',
136 silly get     vary: 'Accept-Encoding, Accept' } ]
137 verbose get saving node-bin-setup to /home/m/.npm/registry.npmjs.org/node-bin-setup/.cache.json
138 verbose correctMkdir /home/m/.npm correctMkdir not in flight; initializing
139 silly resolveWithNewModule node-bin-setup@1.0.6 checking installable status
140 silly cache add args [ 'node-bin-setup@^1.0.0', null ]
141 verbose cache add spec node-bin-setup@^1.0.0
142 silly cache add parsed spec Result {
142 silly cache add   raw: 'node-bin-setup@^1.0.0',
142 silly cache add   scope: null,
142 silly cache add   escapedName: 'node-bin-setup',
142 silly cache add   name: 'node-bin-setup',
142 silly cache add   rawSpec: '^1.0.0',
142 silly cache add   spec: '>=1.0.0 <2.0.0',
142 silly cache add   type: 'range' }
143 silly addNamed node-bin-setup@>=1.0.0 <2.0.0
144 verbose addNamed ">=1.0.0 <2.0.0" is a valid semver range for node-bin-setup
145 silly addNameRange { name: 'node-bin-setup',
145 silly addNameRange   range: '>=1.0.0 <2.0.0',
145 silly addNameRange   hasData: false }
146 silly mapToRegistry name node-bin-setup
147 silly mapToRegistry using default registry
148 silly mapToRegistry registry https://registry.npmjs.org/
149 silly mapToRegistry data Result {
149 silly mapToRegistry   raw: 'node-bin-setup',
149 silly mapToRegistry   scope: null,
149 silly mapToRegistry   escapedName: 'node-bin-setup',
149 silly mapToRegistry   name: 'node-bin-setup',
149 silly mapToRegistry   rawSpec: '',
149 silly mapToRegistry   spec: 'latest',
149 silly mapToRegistry   type: 'tag' }
150 silly mapToRegistry uri https://registry.npmjs.org/node-bin-setup
151 verbose addNameRange registry:https://registry.npmjs.org/node-bin-setup not in flight; fetching
152 verbose get https://registry.npmjs.org/node-bin-setup not expired, no request
153 silly addNameRange number 2 { name: 'node-bin-setup',
153 silly addNameRange   range: '>=1.0.0 <2.0.0',
153 silly addNameRange   hasData: true }
154 silly addNameRange versions [ 'node-bin-setup',
154 silly addNameRange   [ '1.0.0', '1.0.1', '1.0.2', '1.0.3', '1.0.4', '1.0.6' ] ]
155 silly addNamed node-bin-setup@1.0.6
156 verbose addNamed "1.0.6" is a plain semver version for node-bin-setup
157 silly mapToRegistry name node-bin-setup
158 silly mapToRegistry using default registry
159 silly mapToRegistry registry https://registry.npmjs.org/
160 silly mapToRegistry data Result {
160 silly mapToRegistry   raw: 'node-bin-setup',
160 silly mapToRegistry   scope: null,
160 silly mapToRegistry   escapedName: 'node-bin-setup',
160 silly mapToRegistry   name: 'node-bin-setup',
160 silly mapToRegistry   rawSpec: '',
160 silly mapToRegistry   spec: 'latest',
160 silly mapToRegistry   type: 'tag' }
161 silly mapToRegistry uri https://registry.npmjs.org/node-bin-setup
162 verbose addRemoteTarball https://registry.npmjs.org/node-bin-setup/-/node-bin-setup-1.0.6.tgz not in flight; adding
163 verbose addRemoteTarball [ 'https://registry.npmjs.org/node-bin-setup/-/node-bin-setup-1.0.6.tgz',
163 verbose addRemoteTarball   '4b5c9bb937ece702d7069b36ca78af4684677528' ]
164 info retry fetch attempt 1 at 5:22:06 PM
165 info attempt registry request try #1 at 5:22:06 PM
166 http fetch GET https://registry.npmjs.org/node-bin-setup/-/node-bin-setup-1.0.6.tgz
167 http fetch 200 https://registry.npmjs.org/node-bin-setup/-/node-bin-setup-1.0.6.tgz
168 silly fetchAndShaCheck shasum 4b5c9bb937ece702d7069b36ca78af4684677528
169 verbose addTmpTarball /tmp/npm-1401-df4836c5/registry.npmjs.org/node-bin-setup/-/node-bin-setup-1.0.6.tgz not in flight; adding
170 verbose addTmpTarball already have metadata; skipping unpack for node-bin-setup@1.0.6
171 verbose correctMkdir /home/m/.npm correctMkdir not in flight; initializing
172 silly cache afterAdd node-bin-setup@1.0.6
173 verbose afterAdd /home/m/.npm/node-bin-setup/1.0.6/package/package.json not in flight; writing
174 verbose correctMkdir /home/m/.npm correctMkdir not in flight; initializing
175 verbose afterAdd /home/m/.npm/node-bin-setup/1.0.6/package/package.json written
176 silly loadAllDepsIntoIdealTree Finishing
177 silly loadIdealTree Finishing
178 silly currentTree realtimenodejs-db@1.0.0
178 silly currentTree ├── @types/geojson@1.0.6
178 silly currentTree ├── @types/node@9.6.1
178 silly currentTree ├─┬ acorn-jsx@3.0.1
178 silly currentTree │ └── acorn@3.3.0
178 silly currentTree ├── acorn@5.5.3
178 silly currentTree ├── ajv-keywords@2.1.1
178 silly currentTree ├── ajv@5.5.2
178 silly currentTree ├── ansi-escapes@3.1.0
178 silly currentTree ├── ansi-regex@2.1.1
178 silly currentTree ├── ansi-styles@2.2.1
178 silly currentTree ├── argparse@1.0.10
178 silly currentTree ├── array-includes@3.0.3
178 silly currentTree ├── array-union@1.0.2
178 silly currentTree ├── array-uniq@1.0.3
178 silly currentTree ├── arrify@1.0.1
178 silly currentTree ├── asap@2.0.6
178 silly currentTree ├─┬ babel-code-frame@6.26.0
178 silly currentTree │ ├── chalk@1.1.3
178 silly currentTree │ └── strip-ansi@3.0.1
178 silly currentTree ├── balanced-match@1.0.0
178 silly currentTree ├── bluebird@3.5.1
178 silly currentTree ├── brace-expansion@1.1.11
178 silly currentTree ├── buffer-from@1.0.0
178 silly currentTree ├── buffer-writer@1.0.1
178 silly currentTree ├── builtin-modules@1.1.1
178 silly currentTree ├── caller-path@0.1.0
178 silly currentTree ├── callsites@0.2.0
178 silly currentTree ├─┬ chalk@2.3.2
178 silly currentTree │ ├── ansi-styles@3.2.1
178 silly currentTree │ └── supports-color@5.3.0
178 silly currentTree ├── chardet@0.4.2
178 silly currentTree ├── circular-json@0.3.3
178 silly currentTree ├── cli-cursor@2.1.0
178 silly currentTree ├── cli-width@2.2.0
178 silly currentTree ├── cls-bluebird@2.1.0
178 silly currentTree ├── co@4.6.0
178 silly currentTree ├── color-convert@1.9.1
178 silly currentTree ├── color-name@1.1.3
178 silly currentTree ├── concat-map@0.0.1
178 silly currentTree ├── concat-stream@1.6.2
178 silly currentTree ├── contains-path@0.1.0
178 silly currentTree ├── core-js@1.2.7
178 silly currentTree ├── core-util-is@1.0.2
178 silly currentTree ├── cross-spawn@5.1.0
178 silly currentTree ├── debug-log@1.0.1
178 silly currentTree ├── debug@3.1.0
178 silly currentTree ├── deep-is@0.1.3
178 silly currentTree ├── define-properties@1.1.2
178 silly currentTree ├── deglob@2.1.0
178 silly currentTree ├── del@2.2.2
178 silly currentTree ├── depd@1.1.2
178 silly currentTree ├── doctrine@2.1.0
178 silly currentTree ├── dottie@2.0.0
178 silly currentTree ├── encoding@0.1.12
178 silly currentTree ├── error-ex@1.3.1
178 silly currentTree ├── es-abstract@1.11.0
178 silly currentTree ├── es-to-primitive@1.1.1
178 silly currentTree ├── escape-string-regexp@1.0.5
178 silly currentTree ├── eslint-config-standard-jsx@5.0.0
178 silly currentTree ├── eslint-config-standard@11.0.0
178 silly currentTree ├─┬ eslint-import-resolver-node@0.3.2
178 silly currentTree │ └── debug@2.6.9
178 silly currentTree ├─┬ eslint-module-utils@2.2.0
178 silly currentTree │ └── debug@2.6.9
178 silly currentTree ├─┬ eslint-plugin-import@2.9.0
178 silly currentTree │ ├── debug@2.6.9
178 silly currentTree │ └── doctrine@1.5.0
178 silly currentTree ├── eslint-plugin-node@6.0.1
178 silly currentTree ├── eslint-plugin-promise@3.7.0
178 silly currentTree ├── eslint-plugin-react@7.7.0
178 silly currentTree ├── eslint-plugin-standard@3.0.1
178 silly currentTree ├── eslint-scope@3.7.1
178 silly currentTree ├── eslint-visitor-keys@1.0.0
178 silly currentTree ├── eslint@4.18.2
178 silly currentTree ├── espree@3.5.4
178 silly currentTree ├── esprima@4.0.0
178 silly currentTree ├── esquery@1.0.0
178 silly currentTree ├── esrecurse@4.2.1
178 silly currentTree ├── estraverse@4.2.0
178 silly currentTree ├── esutils@2.0.2
178 silly currentTree ├── external-editor@2.1.0
178 silly currentTree ├── fast-deep-equal@1.1.0
178 silly currentTree ├── fast-json-stable-stringify@2.0.0
178 silly currentTree ├── fast-levenshtein@2.0.6
178 silly currentTree ├── fbjs@0.8.16
178 silly currentTree ├── figures@2.0.0
178 silly currentTree ├── file-entry-cache@2.0.0
178 silly currentTree ├── find-root@1.1.0
178 silly currentTree ├── find-up@1.1.2
178 silly currentTree ├── flat-cache@1.3.0
178 silly currentTree ├── foreach@2.0.5
178 silly currentTree ├── fs.realpath@1.0.0
178 silly currentTree ├── function-bind@1.1.1
178 silly currentTree ├── functional-red-black-tree@1.0.1
178 silly currentTree ├── generic-pool@3.4.2
178 silly currentTree ├── get-stdin@6.0.0
178 silly currentTree ├── glob@7.1.2
178 silly currentTree ├── globals@11.4.0
178 silly currentTree ├── globby@5.0.0
178 silly currentTree ├── graceful-fs@4.1.11
178 silly currentTree ├── has-ansi@2.0.0
178 silly currentTree ├── has-flag@3.0.0
178 silly currentTree ├── has@1.0.1
178 silly currentTree ├── hosted-git-info@2.6.0
178 silly currentTree ├── iconv-lite@0.4.19
178 silly currentTree ├── ignore@3.3.7
178 silly currentTree ├── imurmurhash@0.1.4
178 silly currentTree ├── inflection@1.12.0
178 silly currentTree ├── inflight@1.0.6
178 silly currentTree ├── inherits@2.0.3
178 silly currentTree ├── inquirer@3.3.0
178 silly currentTree ├── is-arrayish@0.2.1
178 silly currentTree ├── is-bluebird@1.0.2
178 silly currentTree ├── is-builtin-module@1.0.0
178 silly currentTree ├── is-callable@1.1.3
178 silly currentTree ├── is-date-object@1.0.1
178 silly currentTree ├── is-fullwidth-code-point@2.0.0
178 silly currentTree ├── is-path-cwd@1.0.0
178 silly currentTree ├── is-path-in-cwd@1.0.1
178 silly currentTree ├── is-path-inside@1.0.1
178 silly currentTree ├── is-promise@2.1.0
178 silly currentTree ├── is-regex@1.0.4
178 silly currentTree ├── is-resolvable@1.1.0
178 silly currentTree ├── is-stream@1.1.0
178 silly currentTree ├── is-symbol@1.0.1
178 silly currentTree ├── isarray@1.0.0
178 silly currentTree ├── isexe@2.0.0
178 silly currentTree ├── isomorphic-fetch@2.2.1
178 silly currentTree ├── js-string-escape@1.0.1
178 silly currentTree ├── js-tokens@3.0.2
178 silly currentTree ├── js-yaml@3.11.0
178 silly currentTree ├── json-parse-better-errors@1.0.2
178 silly currentTree ├── json-schema-traverse@0.3.1
178 silly currentTree ├── json-stable-stringify-without-jsonify@1.0.1
178 silly currentTree ├── jsx-ast-utils@2.0.1
178 silly currentTree ├── levn@0.3.0
178 silly currentTree ├── load-json-file@2.0.0
178 silly currentTree ├─┬ locate-path@2.0.0
178 silly currentTree │ └── path-exists@3.0.0
178 silly currentTree ├── lodash@4.17.5
178 silly currentTree ├── loose-envify@1.3.1
178 silly currentTree ├── lru-cache@4.1.2
178 silly currentTree ├── mimic-fn@1.2.0
178 silly currentTree ├── minimatch@3.0.4
178 silly currentTree ├── minimist@0.0.8
178 silly currentTree ├── mkdirp@0.5.1
178 silly currentTree ├── moment-timezone@0.5.14
178 silly currentTree ├── moment@2.21.0
178 silly currentTree ├── ms@2.0.0
178 silly currentTree ├── mute-stream@0.0.7
178 silly currentTree ├── natural-compare@1.4.0
178 silly currentTree ├── node-fetch@1.7.3
178 silly currentTree ├── normalize-package-data@2.4.0
178 silly currentTree ├── object-assign@4.1.1
178 silly currentTree ├── object-keys@1.0.11
178 silly currentTree ├── once@1.4.0
178 silly currentTree ├── onetime@2.0.1
178 silly currentTree ├── optionator@0.8.2
178 silly currentTree ├── os-tmpdir@1.0.2
178 silly currentTree ├── p-limit@1.2.0
178 silly currentTree ├── p-locate@2.0.0
178 silly currentTree ├── p-try@1.0.0
178 silly currentTree ├── packet-reader@0.3.1
178 silly currentTree ├── parse-json@2.2.0
178 silly currentTree ├── path-exists@2.1.0
178 silly currentTree ├── path-is-absolute@1.0.1
178 silly currentTree ├── path-is-inside@1.0.2
178 silly currentTree ├── path-parse@1.0.5
178 silly currentTree ├── path-type@2.0.0
178 silly currentTree ├── pg-connection-string@0.1.3
178 silly currentTree ├── pg-hstore@2.3.2
178 silly currentTree ├── pg-pool@2.0.3
178 silly currentTree ├── pg-types@1.12.1
178 silly currentTree ├─┬ pg@7.4.1
178 silly currentTree │ └── semver@4.3.2
178 silly currentTree ├── pgpass@1.0.2
178 silly currentTree ├── pify@2.3.0
178 silly currentTree ├── pinkie-promise@2.0.1
178 silly currentTree ├── pinkie@2.0.4
178 silly currentTree ├─┬ pkg-conf@2.1.0
178 silly currentTree │ ├── find-up@2.1.0
178 silly currentTree │ ├── load-json-file@4.0.0
178 silly currentTree │ ├── parse-json@4.0.0
178 silly currentTree │ └── pify@3.0.0
178 silly currentTree ├── pkg-config@1.1.1
178 silly currentTree ├── pkg-dir@1.0.0
178 silly currentTree ├── pluralize@7.0.0
178 silly currentTree ├── postgres-array@1.0.2
178 silly currentTree ├── postgres-bytea@1.0.0
178 silly currentTree ├── postgres-date@1.0.3
178 silly currentTree ├── postgres-interval@1.1.1
178 silly currentTree ├── prelude-ls@1.1.2
178 silly currentTree ├── process-nextick-args@2.0.0
178 silly currentTree ├── progress@2.0.0
178 silly currentTree ├── promise@7.3.1
178 silly currentTree ├── prop-types@15.6.1
178 silly currentTree ├── pseudomap@1.0.2
178 silly currentTree ├─┬ read-pkg-up@2.0.0
178 silly currentTree │ └── find-up@2.1.0
178 silly currentTree ├── read-pkg@2.0.0
178 silly currentTree ├── readable-stream@2.3.5
178 silly currentTree ├── require-uncached@1.0.3
178 silly currentTree ├── resolve-from@1.0.1
178 silly currentTree ├── resolve@1.6.0
178 silly currentTree ├── restore-cursor@2.0.0
178 silly currentTree ├─┬ retry-as-promised@2.3.2
178 silly currentTree │ └── debug@2.6.9
178 silly currentTree ├── rimraf@2.6.2
178 silly currentTree ├── run-async@2.3.0
178 silly currentTree ├── run-parallel@1.1.8
178 silly currentTree ├── rx-lite-aggregates@4.0.8
178 silly currentTree ├── rx-lite@4.0.8
178 silly currentTree ├── safe-buffer@5.1.1
178 silly currentTree ├── semver@5.5.0
178 silly currentTree ├── sequelize@4.37.5
178 silly currentTree ├── setimmediate@1.0.5
178 silly currentTree ├── shebang-command@1.2.0
178 silly currentTree ├── shebang-regex@1.0.0
178 silly currentTree ├── shimmer@1.2.0
178 silly currentTree ├── signal-exit@3.0.2
178 silly currentTree ├── slice-ansi@1.0.0
178 silly currentTree ├── spdx-correct@3.0.0
178 silly currentTree ├── spdx-exceptions@2.1.0
178 silly currentTree ├── spdx-expression-parse@3.0.0
178 silly currentTree ├── spdx-license-ids@3.0.0
178 silly currentTree ├── split@1.0.1
178 silly currentTree ├── sprintf-js@1.0.3
178 silly currentTree ├─┬ standard-engine@8.0.1
178 silly currentTree │ └── minimist@1.2.0
178 silly currentTree ├── standard@11.0.1
178 silly currentTree ├── string_decoder@1.0.3
178 silly currentTree ├── string-width@2.1.1
178 silly currentTree ├─┬ strip-ansi@4.0.0
178 silly currentTree │ └── ansi-regex@3.0.0
178 silly currentTree ├── strip-bom@3.0.0
178 silly currentTree ├── strip-json-comments@2.0.1
178 silly currentTree ├── supports-color@2.0.0
178 silly currentTree ├── table@4.0.2
178 silly currentTree ├── terraformer-wkt-parser@1.1.2
178 silly currentTree ├── terraformer@1.0.8
178 silly currentTree ├── text-table@0.2.0
178 silly currentTree ├── through@2.3.8
178 silly currentTree ├── tmp@0.0.33
178 silly currentTree ├── toposort-class@1.0.1
178 silly currentTree ├── type-check@0.3.2
178 silly currentTree ├── typedarray@0.0.6
178 silly currentTree ├── ua-parser-js@0.7.17
178 silly currentTree ├── underscore@1.8.3
178 silly currentTree ├── uniq@1.0.1
178 silly currentTree ├── util-deprecate@1.0.2
178 silly currentTree ├── uuid@3.2.1
178 silly currentTree ├── validate-npm-package-license@3.0.3
178 silly currentTree ├── validator@9.4.1
178 silly currentTree ├── whatwg-fetch@2.0.4
178 silly currentTree ├── which@1.3.0
178 silly currentTree ├── wkx@0.4.4
178 silly currentTree ├── wordwrap@1.0.0
178 silly currentTree ├── wrappy@1.0.2
178 silly currentTree ├── write@0.2.1
178 silly currentTree ├── xtend@4.0.1
178 silly currentTree └── yallist@2.1.2
179 silly idealTree realtimenodejs-db@1.0.0
179 silly idealTree ├── @types/geojson@1.0.6
179 silly idealTree ├── @types/node@9.6.1
179 silly idealTree ├── 8@0.0.1
179 silly idealTree ├─┬ acorn-jsx@3.0.1
179 silly idealTree │ └── acorn@3.3.0
179 silly idealTree ├── acorn@5.5.3
179 silly idealTree ├── ajv-keywords@2.1.1
179 silly idealTree ├── ajv@5.5.2
179 silly idealTree ├── ansi-escapes@3.1.0
179 silly idealTree ├── ansi-regex@2.1.1
179 silly idealTree ├── ansi-styles@2.2.1
179 silly idealTree ├── argparse@1.0.10
179 silly idealTree ├── array-includes@3.0.3
179 silly idealTree ├── array-union@1.0.2
179 silly idealTree ├── array-uniq@1.0.3
179 silly idealTree ├── arrify@1.0.1
179 silly idealTree ├── asap@2.0.6
179 silly idealTree ├─┬ babel-code-frame@6.26.0
179 silly idealTree │ ├── chalk@1.1.3
179 silly idealTree │ └── strip-ansi@3.0.1
179 silly idealTree ├── balanced-match@1.0.0
179 silly idealTree ├── bluebird@3.5.1
179 silly idealTree ├── brace-expansion@1.1.11
179 silly idealTree ├── buffer-from@1.0.0
179 silly idealTree ├── buffer-writer@1.0.1
179 silly idealTree ├── builtin-modules@1.1.1
179 silly idealTree ├── caller-path@0.1.0
179 silly idealTree ├── callsites@0.2.0
179 silly idealTree ├─┬ chalk@2.3.2
179 silly idealTree │ ├── ansi-styles@3.2.1
179 silly idealTree │ └── supports-color@5.3.0
179 silly idealTree ├── chardet@0.4.2
179 silly idealTree ├── circular-json@0.3.3
179 silly idealTree ├── cli-cursor@2.1.0
179 silly idealTree ├── cli-width@2.2.0
179 silly idealTree ├── cls-bluebird@2.1.0
179 silly idealTree ├── co@4.6.0
179 silly idealTree ├── color-convert@1.9.1
179 silly idealTree ├── color-name@1.1.3
179 silly idealTree ├── concat-map@0.0.1
179 silly idealTree ├── concat-stream@1.6.2
179 silly idealTree ├── contains-path@0.1.0
179 silly idealTree ├── core-js@1.2.7
179 silly idealTree ├── core-util-is@1.0.2
179 silly idealTree ├── cross-spawn@5.1.0
179 silly idealTree ├── debug-log@1.0.1
179 silly idealTree ├── debug@3.1.0
179 silly idealTree ├── deep-is@0.1.3
179 silly idealTree ├── define-properties@1.1.2
179 silly idealTree ├── deglob@2.1.0
179 silly idealTree ├── del@2.2.2
179 silly idealTree ├── depd@1.1.2
179 silly idealTree ├── doctrine@2.1.0
179 silly idealTree ├── dottie@2.0.0
179 silly idealTree ├── encoding@0.1.12
179 silly idealTree ├── error-ex@1.3.1
179 silly idealTree ├── es-abstract@1.11.0
179 silly idealTree ├── es-to-primitive@1.1.1
179 silly idealTree ├── escape-string-regexp@1.0.5
179 silly idealTree ├── eslint-config-standard-jsx@5.0.0
179 silly idealTree ├── eslint-config-standard@11.0.0
179 silly idealTree ├─┬ eslint-import-resolver-node@0.3.2
179 silly idealTree │ └── debug@2.6.9
179 silly idealTree ├─┬ eslint-module-utils@2.2.0
179 silly idealTree │ └── debug@2.6.9
179 silly idealTree ├─┬ eslint-plugin-import@2.9.0
179 silly idealTree │ ├── debug@2.6.9
179 silly idealTree │ └── doctrine@1.5.0
179 silly idealTree ├── eslint-plugin-node@6.0.1
179 silly idealTree ├── eslint-plugin-promise@3.7.0
179 silly idealTree ├── eslint-plugin-react@7.7.0
179 silly idealTree ├── eslint-plugin-standard@3.0.1
179 silly idealTree ├── eslint-scope@3.7.1
179 silly idealTree ├── eslint-visitor-keys@1.0.0
179 silly idealTree ├── eslint@4.18.2
179 silly idealTree ├── espree@3.5.4
179 silly idealTree ├── esprima@4.0.0
179 silly idealTree ├── esquery@1.0.0
179 silly idealTree ├── esrecurse@4.2.1
179 silly idealTree ├── estraverse@4.2.0
179 silly idealTree ├── esutils@2.0.2
179 silly idealTree ├── external-editor@2.1.0
179 silly idealTree ├── fast-deep-equal@1.1.0
179 silly idealTree ├── fast-json-stable-stringify@2.0.0
179 silly idealTree ├── fast-levenshtein@2.0.6
179 silly idealTree ├── fbjs@0.8.16
179 silly idealTree ├── figures@2.0.0
179 silly idealTree ├── file-entry-cache@2.0.0
179 silly idealTree ├── find-root@1.1.0
179 silly idealTree ├── find-up@1.1.2
179 silly idealTree ├── flat-cache@1.3.0
179 silly idealTree ├── foreach@2.0.5
179 silly idealTree ├── fs.realpath@1.0.0
179 silly idealTree ├── function-bind@1.1.1
179 silly idealTree ├── functional-red-black-tree@1.0.1
179 silly idealTree ├── generic-pool@3.4.2
179 silly idealTree ├── get-stdin@6.0.0
179 silly idealTree ├── glob@7.1.2
179 silly idealTree ├── globals@11.4.0
179 silly idealTree ├── globby@5.0.0
179 silly idealTree ├── graceful-fs@4.1.11
179 silly idealTree ├── has-ansi@2.0.0
179 silly idealTree ├── has-flag@3.0.0
179 silly idealTree ├── has@1.0.1
179 silly idealTree ├── hosted-git-info@2.6.0
179 silly idealTree ├── iconv-lite@0.4.19
179 silly idealTree ├── ignore@3.3.7
179 silly idealTree ├── imurmurhash@0.1.4
179 silly idealTree ├── inflection@1.12.0
179 silly idealTree ├── inflight@1.0.6
179 silly idealTree ├── inherits@2.0.3
179 silly idealTree ├── inquirer@3.3.0
179 silly idealTree ├── is-arrayish@0.2.1
179 silly idealTree ├── is-bluebird@1.0.2
179 silly idealTree ├── is-builtin-module@1.0.0
179 silly idealTree ├── is-callable@1.1.3
179 silly idealTree ├── is-date-object@1.0.1
179 silly idealTree ├── is-fullwidth-code-point@2.0.0
179 silly idealTree ├── is-path-cwd@1.0.0
179 silly idealTree ├── is-path-in-cwd@1.0.1
179 silly idealTree ├── is-path-inside@1.0.1
179 silly idealTree ├── is-promise@2.1.0
179 silly idealTree ├── is-regex@1.0.4
179 silly idealTree ├── is-resolvable@1.1.0
179 silly idealTree ├── is-stream@1.1.0
179 silly idealTree ├── is-symbol@1.0.1
179 silly idealTree ├── isarray@1.0.0
179 silly idealTree ├── isexe@2.0.0
179 silly idealTree ├── isomorphic-fetch@2.2.1
179 silly idealTree ├── js-string-escape@1.0.1
179 silly idealTree ├── js-tokens@3.0.2
179 silly idealTree ├── js-yaml@3.11.0
179 silly idealTree ├── json-parse-better-errors@1.0.2
179 silly idealTree ├── json-schema-traverse@0.3.1
179 silly idealTree ├── json-stable-stringify-without-jsonify@1.0.1
179 silly idealTree ├── jsx-ast-utils@2.0.1
179 silly idealTree ├── levn@0.3.0
179 silly idealTree ├── load-json-file@2.0.0
179 silly idealTree ├─┬ locate-path@2.0.0
179 silly idealTree │ └── path-exists@3.0.0
179 silly idealTree ├── lodash@4.17.5
179 silly idealTree ├── loose-envify@1.3.1
179 silly idealTree ├── lru-cache@4.1.2
179 silly idealTree ├── mimic-fn@1.2.0
179 silly idealTree ├── minimatch@3.0.4
179 silly idealTree ├── minimist@0.0.8
179 silly idealTree ├── mkdirp@0.5.1
179 silly idealTree ├── moment-timezone@0.5.14
179 silly idealTree ├── moment@2.21.0
179 silly idealTree ├── ms@2.0.0
179 silly idealTree ├── mute-stream@0.0.7
179 silly idealTree ├── natural-compare@1.4.0
179 silly idealTree ├── node-bin-setup@1.0.6
179 silly idealTree ├── node-fetch@1.7.3
179 silly idealTree ├── node@9.10.0
179 silly idealTree ├── normalize-package-data@2.4.0
179 silly idealTree ├── object-assign@4.1.1
179 silly idealTree ├── object-keys@1.0.11
179 silly idealTree ├── once@1.4.0
179 silly idealTree ├── onetime@2.0.1
179 silly idealTree ├── optionator@0.8.2
179 silly idealTree ├── os-tmpdir@1.0.2
179 silly idealTree ├── p-limit@1.2.0
179 silly idealTree ├── p-locate@2.0.0
179 silly idealTree ├── p-try@1.0.0
179 silly idealTree ├── packet-reader@0.3.1
179 silly idealTree ├── parse-json@2.2.0
179 silly idealTree ├── path-exists@2.1.0
179 silly idealTree ├── path-is-absolute@1.0.1
179 silly idealTree ├── path-is-inside@1.0.2
179 silly idealTree ├── path-parse@1.0.5
179 silly idealTree ├── path-type@2.0.0
179 silly idealTree ├── pg-connection-string@0.1.3
179 silly idealTree ├── pg-hstore@2.3.2
179 silly idealTree ├── pg-pool@2.0.3
179 silly idealTree ├── pg-types@1.12.1
179 silly idealTree ├─┬ pg@7.4.1
179 silly idealTree │ └── semver@4.3.2
179 silly idealTree ├── pgpass@1.0.2
179 silly idealTree ├── pify@2.3.0
179 silly idealTree ├── pinkie-promise@2.0.1
179 silly idealTree ├── pinkie@2.0.4
179 silly idealTree ├─┬ pkg-conf@2.1.0
179 silly idealTree │ ├── find-up@2.1.0
179 silly idealTree │ ├── load-json-file@4.0.0
179 silly idealTree │ ├── parse-json@4.0.0
179 silly idealTree │ └── pify@3.0.0
179 silly idealTree ├── pkg-config@1.1.1
179 silly idealTree ├── pkg-dir@1.0.0
179 silly idealTree ├── pluralize@7.0.0
179 silly idealTree ├── postgres-array@1.0.2
179 silly idealTree ├── postgres-bytea@1.0.0
179 silly idealTree ├── postgres-date@1.0.3
179 silly idealTree ├── postgres-interval@1.1.1
179 silly idealTree ├── prelude-ls@1.1.2
179 silly idealTree ├── process-nextick-args@2.0.0
179 silly idealTree ├── progress@2.0.0
179 silly idealTree ├── promise@7.3.1
179 silly idealTree ├── prop-types@15.6.1
179 silly idealTree ├── pseudomap@1.0.2
179 silly idealTree ├─┬ read-pkg-up@2.0.0
179 silly idealTree │ └── find-up@2.1.0
179 silly idealTree ├── read-pkg@2.0.0
179 silly idealTree ├── readable-stream@2.3.5
179 silly idealTree ├── require-uncached@1.0.3
179 silly idealTree ├── resolve-from@1.0.1
179 silly idealTree ├── resolve@1.6.0
179 silly idealTree ├── restore-cursor@2.0.0
179 silly idealTree ├─┬ retry-as-promised@2.3.2
179 silly idealTree │ └── debug@2.6.9
179 silly idealTree ├── rimraf@2.6.2
179 silly idealTree ├── run-async@2.3.0
179 silly idealTree ├── run-parallel@1.1.8
179 silly idealTree ├── rx-lite-aggregates@4.0.8
179 silly idealTree ├── rx-lite@4.0.8
179 silly idealTree ├── safe-buffer@5.1.1
179 silly idealTree ├── semver@5.5.0
179 silly idealTree ├── sequelize@4.37.5
179 silly idealTree ├── setimmediate@1.0.5
179 silly idealTree ├── shebang-command@1.2.0
179 silly idealTree ├── shebang-regex@1.0.0
179 silly idealTree ├── shimmer@1.2.0
179 silly idealTree ├── signal-exit@3.0.2
179 silly idealTree ├── slice-ansi@1.0.0
179 silly idealTree ├── spdx-correct@3.0.0
179 silly idealTree ├── spdx-exceptions@2.1.0
179 silly idealTree ├── spdx-expression-parse@3.0.0
179 silly idealTree ├── spdx-license-ids@3.0.0
179 silly idealTree ├── split@1.0.1
179 silly idealTree ├── sprintf-js@1.0.3
179 silly idealTree ├─┬ standard-engine@8.0.1
179 silly idealTree │ └── minimist@1.2.0
179 silly idealTree ├── standard@11.0.1
179 silly idealTree ├── string_decoder@1.0.3
179 silly idealTree ├── string-width@2.1.1
179 silly idealTree ├─┬ strip-ansi@4.0.0
179 silly idealTree │ └── ansi-regex@3.0.0
179 silly idealTree ├── strip-bom@3.0.0
179 silly idealTree ├── strip-json-comments@2.0.1
179 silly idealTree ├── supports-color@2.0.0
179 silly idealTree ├── table@4.0.2
179 silly idealTree ├── terraformer-wkt-parser@1.1.2
179 silly idealTree ├── terraformer@1.0.8
179 silly idealTree ├── text-table@0.2.0
179 silly idealTree ├── through@2.3.8
179 silly idealTree ├── tmp@0.0.33
179 silly idealTree ├── toposort-class@1.0.1
179 silly idealTree ├── type-check@0.3.2
179 silly idealTree ├── typedarray@0.0.6
179 silly idealTree ├── ua-parser-js@0.7.17
179 silly idealTree ├── underscore@1.8.3
179 silly idealTree ├── uniq@1.0.1
179 silly idealTree ├── util-deprecate@1.0.2
179 silly idealTree ├── uuid@3.2.1
179 silly idealTree ├── validate-npm-package-license@3.0.3
179 silly idealTree ├── validator@9.4.1
179 silly idealTree ├── whatwg-fetch@2.0.4
179 silly idealTree ├── which@1.3.0
179 silly idealTree ├── wkx@0.4.4
179 silly idealTree ├── wordwrap@1.0.0
179 silly idealTree ├── wrappy@1.0.2
179 silly idealTree ├── write@0.2.1
179 silly idealTree ├── xtend@4.0.1
179 silly idealTree └── yallist@2.1.2
180 silly generateActionsToTake Starting
181 silly install generateActionsToTake
182 silly generateActionsToTake Finishing
183 silly diffTrees action count 3
184 silly diffTrees add 8@0.0.1
185 silly diffTrees add node-bin-setup@1.0.6
186 silly diffTrees add node@9.10.0
187 silly decomposeActions action count 24
188 silly decomposeActions fetch 8@0.0.1
189 silly decomposeActions extract 8@0.0.1
190 silly decomposeActions test 8@0.0.1
191 silly decomposeActions preinstall 8@0.0.1
192 silly decomposeActions build 8@0.0.1
193 silly decomposeActions install 8@0.0.1
194 silly decomposeActions postinstall 8@0.0.1
195 silly decomposeActions finalize 8@0.0.1
196 silly decomposeActions fetch node-bin-setup@1.0.6
197 silly decomposeActions extract node-bin-setup@1.0.6
198 silly decomposeActions test node-bin-setup@1.0.6
199 silly decomposeActions preinstall node-bin-setup@1.0.6
200 silly decomposeActions build node-bin-setup@1.0.6
201 silly decomposeActions install node-bin-setup@1.0.6
202 silly decomposeActions postinstall node-bin-setup@1.0.6
203 silly decomposeActions finalize node-bin-setup@1.0.6
204 silly decomposeActions fetch node@9.10.0
205 silly decomposeActions extract node@9.10.0
206 silly decomposeActions test node@9.10.0
207 silly decomposeActions preinstall node@9.10.0
208 silly decomposeActions build node@9.10.0
209 silly decomposeActions install node@9.10.0
210 silly decomposeActions postinstall node@9.10.0
211 silly decomposeActions finalize node@9.10.0
212 silly runTopLevelLifecycles Starting
213 silly executeActions Starting
214 silly install executeActions
215 silly doSerial global-install 0
216 silly doParallel fetch 3
217 verbose correctMkdir /home/m/.npm/_locks correctMkdir not in flight; initializing
218 verbose lock using /home/m/.npm/_locks/staging-e210f94014e3f105.lock for /home/m/Desktop/platzi/courses/node/avance/realTimeNodeJS/realTimeNodeJS-db/node_modules/.staging
219 silly doParallel extract 3
220 silly extract 8@0.0.1
221 silly extract node-bin-setup@1.0.6
222 silly extract node@9.10.0
223 verbose unbuild node_modules/.staging/8-2e6dd7c8
224 verbose unbuild node_modules/.staging/node-bin-setup-7503083a
225 verbose unbuild node_modules/.staging/node-1cb77db9
226 silly gentlyRm /home/m/Desktop/platzi/courses/node/avance/realTimeNodeJS/realTimeNodeJS-db/node_modules/.staging/8-2e6dd7c8 is being purged from base /home/m/Desktop/platzi/courses/node/avance/realTimeNodeJS/realTimeNodeJS-db
227 verbose gentlyRm don't care about contents; nuking /home/m/Desktop/platzi/courses/node/avance/realTimeNodeJS/realTimeNodeJS-db/node_modules/.staging/8-2e6dd7c8
228 silly gentlyRm /home/m/Desktop/platzi/courses/node/avance/realTimeNodeJS/realTimeNodeJS-db/node_modules/.staging/node-bin-setup-7503083a is being purged from base /home/m/Desktop/platzi/courses/node/avance/realTimeNodeJS/realTimeNodeJS-db
229 verbose gentlyRm don't care about contents; nuking /home/m/Desktop/platzi/courses/node/avance/realTimeNodeJS/realTimeNodeJS-db/node_modules/.staging/node-bin-setup-7503083a
230 verbose tar unpack /home/m/.npm/8/0.0.1/package.tgz
231 verbose tar unpacking to /home/m/Desktop/platzi/courses/node/avance/realTimeNodeJS/realTimeNodeJS-db/node_modules/.staging/8-2e6dd7c8
232 silly gentlyRm /home/m/Desktop/platzi/courses/node/avance/realTimeNodeJS/realTimeNodeJS-db/node_modules/.staging/8-2e6dd7c8 is being purged
233 verbose gentlyRm don't care about contents; nuking /home/m/Desktop/platzi/courses/node/avance/realTimeNodeJS/realTimeNodeJS-db/node_modules/.staging/8-2e6dd7c8
234 verbose tar unpack /home/m/.npm/node-bin-setup/1.0.6/package.tgz
235 verbose tar unpacking to /home/m/Desktop/platzi/courses/node/avance/realTimeNodeJS/realTimeNodeJS-db/node_modules/.staging/node-bin-setup-7503083a
236 silly gentlyRm /home/m/Desktop/platzi/courses/node/avance/realTimeNodeJS/realTimeNodeJS-db/node_modules/.staging/node-bin-setup-7503083a is being purged
237 verbose gentlyRm don't care about contents; nuking /home/m/Desktop/platzi/courses/node/avance/realTimeNodeJS/realTimeNodeJS-db/node_modules/.staging/node-bin-setup-7503083a
238 silly gentlyRm /home/m/Desktop/platzi/courses/node/avance/realTimeNodeJS/realTimeNodeJS-db/node_modules/.staging/node-1cb77db9 is being purged from base /home/m/Desktop/platzi/courses/node/avance/realTimeNodeJS/realTimeNodeJS-db
239 verbose gentlyRm don't care about contents; nuking /home/m/Desktop/platzi/courses/node/avance/realTimeNodeJS/realTimeNodeJS-db/node_modules/.staging/node-1cb77db9
240 silly gunzTarPerm modes [ '775', '664' ]
241 silly gunzTarPerm modes [ '775', '664' ]
242 verbose tar unpack /home/m/.npm/node/9.10.0/package.tgz
243 verbose tar unpacking to /home/m/Desktop/platzi/courses/node/avance/realTimeNodeJS/realTimeNodeJS-db/node_modules/.staging/node-1cb77db9
244 silly gentlyRm /home/m/Desktop/platzi/courses/node/avance/realTimeNodeJS/realTimeNodeJS-db/node_modules/.staging/node-1cb77db9 is being purged
245 verbose gentlyRm don't care about contents; nuking /home/m/Desktop/platzi/courses/node/avance/realTimeNodeJS/realTimeNodeJS-db/node_modules/.staging/node-1cb77db9
246 silly gunzTarPerm modes [ '775', '664' ]
247 silly gunzTarPerm extractEntry package.json
248 silly gunzTarPerm modified mode [ 'package.json', 438, 436 ]
249 silly gunzTarPerm extractEntry package.json
250 silly gunzTarPerm modified mode [ 'package.json', 420, 436 ]
251 silly gunzTarPerm extractEntry package.json
252 silly gunzTarPerm modified mode [ 'package.json', 420, 436 ]
253 silly gunzTarPerm extractEntry server.js
254 silly gunzTarPerm modified mode [ 'server.js', 438, 436 ]
255 silly gunzTarPerm extractEntry index.js
256 silly gunzTarPerm modified mode [ 'index.js', 420, 436 ]
257 silly gunzTarPerm extractEntry installArchSpecificPackage.js
258 silly gunzTarPerm modified mode [ 'installArchSpecificPackage.js', 420, 436 ]
259 silly gunzTarPerm extractEntry README.md
260 silly gunzTarPerm modified mode [ 'README.md', 420, 436 ]
261 silly gentlyRm /home/m/Desktop/platzi/courses/node/avance/realTimeNodeJS/realTimeNodeJS-db/node_modules/.staging/8-2e6dd7c8/node_modules is being purged
262 verbose gentlyRm don't care about contents; nuking /home/m/Desktop/platzi/courses/node/avance/realTimeNodeJS/realTimeNodeJS-db/node_modules/.staging/8-2e6dd7c8/node_modules
263 silly gentlyRm /home/m/Desktop/platzi/courses/node/avance/realTimeNodeJS/realTimeNodeJS-db/node_modules/.staging/node-bin-setup-7503083a/node_modules is being purged
264 verbose gentlyRm don't care about contents; nuking /home/m/Desktop/platzi/courses/node/avance/realTimeNodeJS/realTimeNodeJS-db/node_modules/.staging/node-bin-setup-7503083a/node_modules
265 silly gentlyRm /home/m/Desktop/platzi/courses/node/avance/realTimeNodeJS/realTimeNodeJS-db/node_modules/.staging/node-1cb77db9/node_modules is being purged
266 verbose gentlyRm don't care about contents; nuking /home/m/Desktop/platzi/courses/node/avance/realTimeNodeJS/realTimeNodeJS-db/node_modules/.staging/node-1cb77db9/node_modules
267 silly doParallel preinstall 3
268 silly preinstall 8@0.0.1 /home/m/Desktop/platzi/courses/node/avance/realTimeNodeJS/realTimeNodeJS-db/node_modules/.staging/8-2e6dd7c8
269 info lifecycle 8@0.0.1~preinstall: 8@0.0.1
270 silly preinstall node-bin-setup@1.0.6 /home/m/Desktop/platzi/courses/node/avance/realTimeNodeJS/realTimeNodeJS-db/node_modules/.staging/node-bin-setup-7503083a
271 info lifecycle node-bin-setup@1.0.6~preinstall: node-bin-setup@1.0.6
272 silly preinstall node@9.10.0 /home/m/Desktop/platzi/courses/node/avance/realTimeNodeJS/realTimeNodeJS-db/node_modules/.staging/node-1cb77db9
273 info lifecycle node@9.10.0~preinstall: node@9.10.0
274 silly lifecycle 8@0.0.1~preinstall: no script for preinstall, continuing
275 silly lifecycle node-bin-setup@1.0.6~preinstall: no script for preinstall, continuing
276 verbose lifecycle node@9.10.0~preinstall: unsafe-perm in lifecycle true
277 verbose lifecycle node@9.10.0~preinstall: PATH: /home/m/.nvm/versions/node/v6.11.4/lib/node_modules/npm/bin/node-gyp-bin:/home/m/Desktop/platzi/courses/node/avance/realTimeNodeJS/realTimeNodeJS-db/node_modules/.staging/node-1cb77db9/node_modules/.bin:/home/m/Desktop/platzi/courses/node/avance/realTimeNodeJS/realTimeNodeJS-db/node_modules/.bin:/home/m/.sdkman/candidates/kotlin/current/bin:/usr/lib/oracle/xe/app/oracle/product/10.2.0/server/bin:/home/m/.nvm/versions/node/v6.11.4/bin:/home/m/.local/bin:/home/m/bin:/usr/local/gradle/bin:/usr/local/sbin:/usr/local/bin:/usr/sbin:/usr/bin:/sbin:/bin:/usr/games:/usr/local/games:/snap/bin:/usr/lib/jvm/java-8-oracle/bin:/usr/lib/jvm/java-8-oracle/db/bin:/usr/lib/jvm/java-8-oracle/jre/bin
278 verbose lifecycle node@9.10.0~preinstall: CWD: /home/m/Desktop/platzi/courses/node/avance/realTimeNodeJS/realTimeNodeJS-db/node_modules/.staging/node-1cb77db9
279 silly lifecycle node@9.10.0~preinstall: Args: [ '-c', 'node installArchSpecificPackage' ]
280 silly lifecycle node@9.10.0~preinstall: Returned: code: 1  signal: null
281 info lifecycle node@9.10.0~preinstall: Failed to exec preinstall script
282 verbose unlock done using /home/m/.npm/_locks/staging-e210f94014e3f105.lock for /home/m/Desktop/platzi/courses/node/avance/realTimeNodeJS/realTimeNodeJS-db/node_modules/.staging
283 silly rollbackFailedOptional Starting
284 silly rollbackFailedOptional Finishing
285 silly runTopLevelLifecycles Finishing
286 silly install printInstalled
287 verbose stack Error: node@9.10.0 preinstall: `node installArchSpecificPackage`
287 verbose stack Exit status 1
287 verbose stack     at EventEmitter.<anonymous> (/home/m/.nvm/versions/node/v6.11.4/lib/node_modules/npm/lib/utils/lifecycle.js:255:16)
287 verbose stack     at emitTwo (events.js:106:13)
287 verbose stack     at EventEmitter.emit (events.js:191:7)
287 verbose stack     at ChildProcess.<anonymous> (/home/m/.nvm/versions/node/v6.11.4/lib/node_modules/npm/lib/utils/spawn.js:40:14)
287 verbose stack     at emitTwo (events.js:106:13)
287 verbose stack     at ChildProcess.emit (events.js:191:7)
287 verbose stack     at maybeClose (internal/child_process.js:920:16)
287 verbose stack     at Process.ChildProcess._handle.onexit (internal/child_process.js:230:5)
288 verbose pkgid node@9.10.0
289 verbose cwd /home/m/Desktop/platzi/courses/node/avance/realTimeNodeJS/realTimeNodeJS-db
290 error Linux 4.4.0-116-generic
291 error argv "/home/m/.nvm/versions/node/v6.11.4/bin/node" "/home/m/.nvm/versions/node/v6.11.4/bin/npm" "install" "node" "8"
292 error node v6.11.4
293 error npm  v3.10.10
294 error code ELIFECYCLE
295 error node@9.10.0 preinstall: `node installArchSpecificPackage`
295 error Exit status 1
296 error Failed at the node@9.10.0 preinstall script 'node installArchSpecificPackage'.
296 error Make sure you have the latest version of node.js and npm installed.
296 error If you do, this is most likely a problem with the node package,
296 error not with npm itself.
296 error Tell the author that this fails on your system:
296 error     node installArchSpecificPackage
296 error You can get information on how to open an issue for this project with:
296 error     npm bugs node
296 error Or if that isn't available, you can get their info via:
296 error     npm owner ls node
296 error There is likely additional logging output above.
297 verbose exit [ 1, true ]
